            :  Arrivals 0 activated
            :  Arrivals 1 activated
A       0.00: New Packet Arrival
            : Packet A1 Arrival time:       0.00 Length 512 bytes
            : Sending frame length 4192 bits
            : Timer 0: Started. Delay:      250.00 Expires at:      250.00
B       0.00: New Packet Arrival
            : Packet B1 Arrival time:       0.00 Length 512 bytes
            : Sending frame length 4192 bits
            : Timer 0: Started. Delay:      250.00 Expires at:      250.00
A       0.00: New Packet Arrival
            : Packet A2 Arrival time:       0.00 Length 512 bytes
            : Arrivals disabled
B       0.00: New Packet Arrival
            : Packet B2 Arrival time:       0.00 Length 512 bytes
            : Arrivals disabled
A     109.17: ChannelIdle
            : Sending frame length 4192 bits
            : Timer 1: Started. Delay:      250.00 Expires at:      359.17
B     109.17: ChannelIdle
            : Sending frame length 4192 bits
            : Timer 1: Started. Delay:      250.00 Expires at:      359.17
B     209.17: FrameArrival 
            : Packet received by network layer
            :  Contents: Packet A1 Arrival time:       0.00 Length 512 bytes
A     218.33: ChannelIdle
B     218.33: ChannelIdle
            : Sending frame length 96 bits
B     220.83: ChannelIdle
A     250.00: TimeOut (0)
            : Sending frame length 4192 bits
            : Timer 0: Started. Delay:      250.00 Expires at:      500.00
B     250.00: TimeOut (0)
            : Sending frame length 4192 bits
            : Timer 0: Started. Delay:      250.00 Expires at:      500.00
B     318.33: FrameArrival 
            : Packet received by network layer
            :  Contents: Packet A2 Arrival time:       0.00 Length 512 bytes
A     318.33: FrameArrival 
A     359.17: TimeOut (1)
B     359.17: TimeOut (1)
A     359.17: ChannelIdle
            : Sending frame length 4192 bits
            : Timer 0: Started. Delay:      250.00 Expires at:      609.17
B     359.17: ChannelIdle
            : Sending frame length 4192 bits
            : Timer 0: Started. Delay:      250.00 Expires at:      609.17
